Using pre-set license
Built from '2020.3/staging' branch; Version is '2020.3.0f1 (c7b5465681fb) revision 13088070'; Using compiler version '192528614'; Build Type 'Release'
OS: 'Windows 10 Pro; OS build 19042.804; Version 2009; 64bit' Language: 'en' Physical Memory: 16314 MB
BatchMode: 1, IsHumanControllingUs: 0, StartBugReporterOnCrash: 0, Is64bit: 1, IsPro: 0

 COMMAND LINE ARGUMENTS:
D:\Unity\2020.3.0f1\Editor\Unity.exe
-adb2
-batchMode
-noUpm
-name
AssetImportWorker0
-projectPath
D:/Unity/BGame/MobileCheckers
-logFile
Logs/AssetImportWorker0.log
-srvPort
64406
Successfully changed project path to: D:/Unity/BGame/MobileCheckers
D:/Unity/BGame/MobileCheckers
Using Asset Import Pipeline V2.
Refreshing native plugins compatible for Editor in 31.20 ms, found 1 plugins.
Preloading 0 native plugins for Editor in 0.00 ms.
Initialize engine version: 2020.3.0f1 (c7b5465681fb)
[Subsystems] Discovering subsystems at path D:/Unity/2020.3.0f1/Editor/Data/Resources/UnitySubsystems
[Subsystems] Discovering subsystems at path D:/Unity/BGame/MobileCheckers/Assets
GfxDevice: creating device client; threaded=0
Direct3D:
    Version:  Direct3D 11.0 [level 11.1]
    Renderer: NVIDIA GeForce GTX 1060 6GB (ID=0x1c03)
    Vendor:   
    VRAM:     6052 MB
    Driver:   27.21.14.5751
Initialize mono
Mono path[0] = 'D:/Unity/2020.3.0f1/Editor/Data/Managed'
Mono path[1] = 'D:/Unity/2020.3.0f1/Editor/Data/MonoBleedingEdge/lib/mono/unityjit'
Mono config path = 'D:/Unity/2020.3.0f1/Editor/Data/MonoBleedingEdge/etc'
Using monoOptions --debugger-agent=transport=dt_socket,embedding=1,server=y,suspend=n,address=127.0.0.1:56088
Begin MonoManager ReloadAssembly
Registering precompiled unity dll's ...
Register platform support module: D:/Unity/2020.3.0f1/Editor/Data/PlaybackEngines/WindowsStandaloneSupport/UnityEditor.WindowsStandalone.Extensions.dll
Registered in 0.001129 seconds.
Native extension for WindowsStandalone target not found
Refreshing native plugins compatible for Editor in 31.87 ms, found 1 plugins.
Preloading 0 native plugins for Editor in 0.00 ms.
Invoked RoslynAnalysisRunner static constructor.
RoslynAnalysisRunner will not be running.
RoslynAnalysisRunner has terminated.
Mono: successfully reloaded assembly
- Completed reload, in  1.329 seconds
Platform modules already initialized, skipping
Registering precompiled user dll's ...
Registered in 0.000722 seconds.
Begin MonoManager ReloadAssembly
Native extension for WindowsStandalone target not found
Refreshing native plugins compatible for Editor in 32.12 ms, found 1 plugins.
Preloading 0 native plugins for Editor in 0.00 ms.
Invoked RoslynAnalysisRunner static constructor.
RoslynAnalysisRunner will not be running.
RoslynAnalysisRunner has terminated.
Mono: successfully reloaded assembly
- Completed reload, in  0.780 seconds
Platform modules already initialized, skipping
========================================================================
Worker process is ready to serve import requests
Launched and connected shader compiler UnityShaderCompiler.exe after 0.09 seconds
Refreshing native plugins compatible for Editor in 0.26 ms, found 1 plugins.
Preloading 0 native plugins for Editor in 0.00 ms.
Unloading 1808 Unused Serialized files (Serialized files now loaded: 0)
System memory in use before: 84.7 MB.
System memory in use after: 84.6 MB.

Unloading 24 unused Assets to reduce memory usage. Loaded Objects now: 2249.
Total: 1.970800 ms (FindLiveObjects: 0.268200 ms CreateObjectMapping: 0.110200 ms MarkObjects: 1.487600 ms  DeleteObjects: 0.103800 ms)

========================================================================
Received Prepare
Registering precompiled user dll's ...
Registered in 0.000770 seconds.
Begin MonoManager ReloadAssembly
Native extension for WindowsStandalone target not found
Refreshing native plugins compatible for Editor in 0.25 ms, found 1 plugins.
Preloading 0 native plugins for Editor in 0.00 ms.
Invoked RoslynAnalysisRunner static constructor.
RoslynAnalysisRunner will not be running.
RoslynAnalysisRunner has terminated.
Mono: successfully reloaded assembly
- Completed reload, in  0.686 seconds
Platform modules already initialized, skipping
Switching build target platform(5) subTarget(0) extendedPlatform(0) -> platform(13) subTarget(537395200) extendedPlatform(0)
Refreshing native plugins compatible for Editor in 0.78 ms, found 1 plugins.
Preloading 0 native plugins for Editor in 0.00 ms.
Unloading 1806 Unused Serialized files (Serialized files now loaded: 0)
System memory in use before: 84.7 MB.
System memory in use after: 84.6 MB.

Unloading 12 unused Assets to reduce memory usage. Loaded Objects now: 2253.
Total: 1.550400 ms (FindLiveObjects: 0.149600 ms CreateObjectMapping: 0.061100 ms MarkObjects: 1.253400 ms  DeleteObjects: 0.085100 ms)

AssetImportParameters requested are different than current active one (requested -> active):
  custom:graphics/normal-map-encoding: 01000000000000000000000000000000 -> 02000000000000000000000000000000
========================================================================
Received Import Request.
  path: Assets/Scripts/Game.cs
  artifactKey: Guid(f6231fe1206b8e54689c59d38ddd279f) Importer(815301076,1909f56bfc062723c751e8b465ee728b)
Start importing Assets/Scripts/Game.cs using Guid(f6231fe1206b8e54689c59d38ddd279f) Importer(815301076,1909f56bfc062723c751e8b465ee728b)  -> (artifact id: '6402fc94b9097053563cae758ce9c00a') in 0.137663 seconds
  Import took 0.156082 seconds .

========================================================================
Received Prepare
Registering precompiled user dll's ...
Registered in 0.000618 seconds.
Begin MonoManager ReloadAssembly
Native extension for WindowsStandalone target not found
Refreshing native plugins compatible for Editor in 0.27 ms, found 1 plugins.
Preloading 0 native plugins for Editor in 0.00 ms.
Invoked RoslynAnalysisRunner static constructor.
RoslynAnalysisRunner will not be running.
RoslynAnalysisRunner has terminated.
Mono: successfully reloaded assembly
- Completed reload, in  0.748 seconds
Platform modules already initialized, skipping
Switching build target platform(5) subTarget(0) extendedPlatform(0) -> platform(13) subTarget(537395200) extendedPlatform(0)
Refreshing native plugins compatible for Editor in 0.26 ms, found 1 plugins.
Preloading 0 native plugins for Editor in 0.00 ms.
Unloading 1806 Unused Serialized files (Serialized files now loaded: 0)
System memory in use before: 84.7 MB.
System memory in use after: 84.7 MB.

Unloading 12 unused Assets to reduce memory usage. Loaded Objects now: 2257.
Total: 1.627000 ms (FindLiveObjects: 0.145300 ms CreateObjectMapping: 0.058500 ms MarkObjects: 1.336200 ms  DeleteObjects: 0.085400 ms)

AssetImportParameters requested are different than current active one (requested -> active):
  custom:graphics/normal-map-encoding: 01000000000000000000000000000000 -> 02000000000000000000000000000000
========================================================================
Received Prepare
Registering precompiled user dll's ...
Registered in 0.000597 seconds.
Begin MonoManager ReloadAssembly
Native extension for WindowsStandalone target not found
Refreshing native plugins compatible for Editor in 0.26 ms, found 1 plugins.
Preloading 0 native plugins for Editor in 0.00 ms.
Invoked RoslynAnalysisRunner static constructor.
RoslynAnalysisRunner will not be running.
RoslynAnalysisRunner has terminated.
Mono: successfully reloaded assembly
- Completed reload, in  0.650 seconds
Platform modules already initialized, skipping
Switching build target platform(5) subTarget(0) extendedPlatform(0) -> platform(13) subTarget(537395200) extendedPlatform(0)
Refreshing native plugins compatible for Editor in 0.25 ms, found 1 plugins.
Preloading 0 native plugins for Editor in 0.00 ms.
Unloading 1806 Unused Serialized files (Serialized files now loaded: 0)
System memory in use before: 84.7 MB.
System memory in use after: 84.7 MB.

Unloading 12 unused Assets to reduce memory usage. Loaded Objects now: 2261.
Total: 1.629100 ms (FindLiveObjects: 0.142600 ms CreateObjectMapping: 0.056900 ms MarkObjects: 1.348700 ms  DeleteObjects: 0.080000 ms)

AssetImportParameters requested are different than current active one (requested -> active):
  custom:graphics/normal-map-encoding: 01000000000000000000000000000000 -> 02000000000000000000000000000000
========================================================================
Received Import Request.
  Time since last request: 241.834770 seconds.
  path: Assets/Scripts/Checkerman.cs
  artifactKey: Guid(28e00af1d15dcdb448c9b6c6adacc97a) Importer(815301076,1909f56bfc062723c751e8b465ee728b)
Start importing Assets/Scripts/Checkerman.cs using Guid(28e00af1d15dcdb448c9b6c6adacc97a) Importer(815301076,1909f56bfc062723c751e8b465ee728b)  -> (artifact id: '3b088911f801bebe7a4565e35f419526') in 0.016731 seconds
  Import took 0.024381 seconds .

========================================================================
Received Import Request.
  Time since last request: 0.000615 seconds.
  path: Assets/Scripts/Checkerman.cs
  artifactKey: Guid(28e00af1d15dcdb448c9b6c6adacc97a) Importer(815301076,1909f56bfc062723c751e8b465ee728b)
Start importing Assets/Scripts/Checkerman.cs using Guid(28e00af1d15dcdb448c9b6c6adacc97a) Importer(815301076,1909f56bfc062723c751e8b465ee728b)  -> (artifact id: '3b088911f801bebe7a4565e35f419526') in 0.007065 seconds
  Import took 0.010625 seconds .

========================================================================
Received Prepare
Registering precompiled user dll's ...
Registered in 0.000572 seconds.
Begin MonoManager ReloadAssembly
Native extension for WindowsStandalone target not found
Refreshing native plugins compatible for Editor in 0.29 ms, found 1 plugins.
Preloading 0 native plugins for Editor in 0.00 ms.
Invoked RoslynAnalysisRunner static constructor.
RoslynAnalysisRunner will not be running.
RoslynAnalysisRunner has terminated.
Mono: successfully reloaded assembly
- Completed reload, in  0.814 seconds
Platform modules already initialized, skipping
Switching build target platform(5) subTarget(0) extendedPlatform(0) -> platform(13) subTarget(537395200) extendedPlatform(0)
Refreshing native plugins compatible for Editor in 0.31 ms, found 1 plugins.
Preloading 0 native plugins for Editor in 0.00 ms.
Unloading 1807 Unused Serialized files (Serialized files now loaded: 0)
System memory in use before: 84.8 MB.
System memory in use after: 84.8 MB.

Unloading 12 unused Assets to reduce memory usage. Loaded Objects now: 2266.
Total: 1.923000 ms (FindLiveObjects: 0.143100 ms CreateObjectMapping: 0.089600 ms MarkObjects: 1.591700 ms  DeleteObjects: 0.097300 ms)

AssetImportParameters requested are different than current active one (requested -> active):
  custom:graphics/normal-map-encoding: 01000000000000000000000000000000 -> 02000000000000000000000000000000
========================================================================
Received Prepare
Registering precompiled user dll's ...
Registered in 0.000650 seconds.
Begin MonoManager ReloadAssembly
Native extension for WindowsStandalone target not found
Refreshing native plugins compatible for Editor in 0.29 ms, found 1 plugins.
Preloading 0 native plugins for Editor in 0.00 ms.
Invoked RoslynAnalysisRunner static constructor.
RoslynAnalysisRunner will not be running.
RoslynAnalysisRunner has terminated.
Mono: successfully reloaded assembly
- Completed reload, in  0.744 seconds
Platform modules already initialized, skipping
Switching build target platform(5) subTarget(0) extendedPlatform(0) -> platform(13) subTarget(537395200) extendedPlatform(0)
Refreshing native plugins compatible for Editor in 0.25 ms, found 1 plugins.
Preloading 0 native plugins for Editor in 0.00 ms.
Unloading 1807 Unused Serialized files (Serialized files now loaded: 0)
System memory in use before: 84.8 MB.
System memory in use after: 84.8 MB.

Unloading 12 unused Assets to reduce memory usage. Loaded Objects now: 2270.
Total: 1.404400 ms (FindLiveObjects: 0.137200 ms CreateObjectMapping: 0.057700 ms MarkObjects: 1.128800 ms  DeleteObjects: 0.080000 ms)

AssetImportParameters requested are different than current active one (requested -> active):
  custom:graphics/normal-map-encoding: 01000000000000000000000000000000 -> 02000000000000000000000000000000
========================================================================
Received Prepare
Registering precompiled user dll's ...
Registered in 0.000808 seconds.
Begin MonoManager ReloadAssembly
Native extension for WindowsStandalone target not found
Refreshing native plugins compatible for Editor in 0.34 ms, found 1 plugins.
Preloading 0 native plugins for Editor in 0.00 ms.
Invoked RoslynAnalysisRunner static constructor.
RoslynAnalysisRunner will not be running.
RoslynAnalysisRunner has terminated.
Mono: successfully reloaded assembly
- Completed reload, in  0.808 seconds
Platform modules already initialized, skipping
Switching build target platform(5) subTarget(0) extendedPlatform(0) -> platform(13) subTarget(537395200) extendedPlatform(0)
Refreshing native plugins compatible for Editor in 0.25 ms, found 1 plugins.
Preloading 0 native plugins for Editor in 0.00 ms.
Unloading 1807 Unused Serialized files (Serialized files now loaded: 0)
System memory in use before: 84.8 MB.
System memory in use after: 84.8 MB.

Unloading 12 unused Assets to reduce memory usage. Loaded Objects now: 2274.
Total: 1.507300 ms (FindLiveObjects: 0.189100 ms CreateObjectMapping: 0.065400 ms MarkObjects: 1.147300 ms  DeleteObjects: 0.104600 ms)

AssetImportParameters requested are different than current active one (requested -> active):
  custom:graphics/normal-map-encoding: 01000000000000000000000000000000 -> 02000000000000000000000000000000
========================================================================
Received Import Request.
  Time since last request: 516.742726 seconds.
  path: Assets/Scripts/Checkerman.cs
  artifactKey: Guid(28e00af1d15dcdb448c9b6c6adacc97a) Importer(815301076,1909f56bfc062723c751e8b465ee728b)
Start importing Assets/Scripts/Checkerman.cs using Guid(28e00af1d15dcdb448c9b6c6adacc97a) Importer(815301076,1909f56bfc062723c751e8b465ee728b)  -> (artifact id: '847d62bf2b8f86e2fe433155f92bf49e') in 0.009574 seconds
  Import took 0.033029 seconds .

========================================================================
Received Import Request.
  Time since last request: 106.857936 seconds.
  path: Assets/Objects/Checker.prefab
  artifactKey: Guid(7d6722b5436fec7498fad91d35a65de0) Importer(815301076,1909f56bfc062723c751e8b465ee728b)
Start importing Assets/Objects/Checker.prefab using Guid(7d6722b5436fec7498fad91d35a65de0) Importer(815301076,1909f56bfc062723c751e8b465ee728b)  -> (artifact id: '57666eb4754c9ea774518d0e33218684') in 0.325806 seconds
  Import took 0.336691 seconds .

========================================================================
Received Import Request.
  Time since last request: 27.374724 seconds.
  path: Assets/Scripts/Game.cs
  artifactKey: Guid(f6231fe1206b8e54689c59d38ddd279f) Importer(815301076,1909f56bfc062723c751e8b465ee728b)
Start importing Assets/Scripts/Game.cs using Guid(f6231fe1206b8e54689c59d38ddd279f) Importer(815301076,1909f56bfc062723c751e8b465ee728b)  -> (artifact id: '1eb3347861a2459151e1d24eb5eea6b9') in 0.005102 seconds
  Import took 0.021243 seconds .

========================================================================
Received Import Request.
  Time since last request: 22.694335 seconds.
  path: Assets/Objects/Checker.prefab
  artifactKey: Guid(7d6722b5436fec7498fad91d35a65de0) Importer(815301076,1909f56bfc062723c751e8b465ee728b)
Start importing Assets/Objects/Checker.prefab using Guid(7d6722b5436fec7498fad91d35a65de0) Importer(815301076,1909f56bfc062723c751e8b465ee728b)  -> (artifact id: '58a5905b4e49a1f399779d7ead4ae557') in 0.012982 seconds
  Import took 0.015791 seconds .

========================================================================
Received Import Request.
  Time since last request: 3.705744 seconds.
  path: Assets/Objects/Checker.prefab
  artifactKey: Guid(7d6722b5436fec7498fad91d35a65de0) Importer(815301076,1909f56bfc062723c751e8b465ee728b)
Start importing Assets/Objects/Checker.prefab using Guid(7d6722b5436fec7498fad91d35a65de0) Importer(815301076,1909f56bfc062723c751e8b465ee728b)  -> (artifact id: 'a52a9be848212ff45e8017fb71f83ce9') in 0.012220 seconds
  Import took 0.014860 seconds .

========================================================================
Received Import Request.
  Time since last request: 7.382278 seconds.
  path: Assets/Objects/Checker.prefab
  artifactKey: Guid(7d6722b5436fec7498fad91d35a65de0) Importer(815301076,1909f56bfc062723c751e8b465ee728b)
Start importing Assets/Objects/Checker.prefab using Guid(7d6722b5436fec7498fad91d35a65de0) Importer(815301076,1909f56bfc062723c751e8b465ee728b)  -> (artifact id: '324cb1f34245cdb8485c1cea6c4e7f95') in 0.014250 seconds
  Import took 0.026886 seconds .

========================================================================
Received Import Request.
  Time since last request: 4.548827 seconds.
  path: Assets/Objects/Checker.prefab
  artifactKey: Guid(7d6722b5436fec7498fad91d35a65de0) Importer(815301076,1909f56bfc062723c751e8b465ee728b)
Start importing Assets/Objects/Checker.prefab using Guid(7d6722b5436fec7498fad91d35a65de0) Importer(815301076,1909f56bfc062723c751e8b465ee728b)  -> (artifact id: '73b6d0ba0b94c91b2617e99e31b95867') in 0.014831 seconds
  Import took 0.029334 seconds .

========================================================================
Received Import Request.
  Time since last request: 3.210149 seconds.
  path: Assets/Objects/Checker.prefab
  artifactKey: Guid(7d6722b5436fec7498fad91d35a65de0) Importer(815301076,1909f56bfc062723c751e8b465ee728b)
Start importing Assets/Objects/Checker.prefab using Guid(7d6722b5436fec7498fad91d35a65de0) Importer(815301076,1909f56bfc062723c751e8b465ee728b)  -> (artifact id: '9be411508c15fb925791656d72078934') in 0.009437 seconds
  Import took 0.024775 seconds .

========================================================================
Received Import Request.
  Time since last request: 1.721406 seconds.
  path: Assets/Objects/Checker.prefab
  artifactKey: Guid(7d6722b5436fec7498fad91d35a65de0) Importer(815301076,1909f56bfc062723c751e8b465ee728b)
Start importing Assets/Objects/Checker.prefab using Guid(7d6722b5436fec7498fad91d35a65de0) Importer(815301076,1909f56bfc062723c751e8b465ee728b)  -> (artifact id: '6daa7e3db597bd3ed191aface4f69fd1') in 0.008821 seconds
  Import took 0.011630 seconds .

AssetImportWorkerClient::OnTransportError - code=2 error=End of file
